Copyright 1986-2019 Xilinx, Inc. All Rights Reserved.
--------------------------------------------------------------------------------------
| Tool Version : Vivado v.2019.1.1 (win64) Build 2580384 Sat Jun 29 08:12:21 MDT 2019
| Date         : Fri Sep 13 20:37:13 2019
| Host         : ColinKeenan-PC running 64-bit major release  (build 9200)
| Command      : report_clock_utilization -file main_clock_utilization_routed.rpt
| Design       : main
| Device       : 7a100t-csg324
| Speed File   : -1  PRODUCTION 1.23 2018-06-13
| Design State : Routed
--------------------------------------------------------------------------------------

Clock Utilization Report

Table of Contents
-----------------
1. Clock Primitive Utilization
2. Global Clock Resources
3. Global Clock Source Details
4. Local Clock Details
5. Clock Regions: Key Resource Utilization
6. Clock Regions : Global Clock Summary
7. Device Cell Placement Summary for Global Clock g0
8. Device Cell Placement Summary for Global Clock g1
9. Device Cell Placement Summary for Global Clock g2
10. Device Cell Placement Summary for Global Clock g3
11. Device Cell Placement Summary for Global Clock g4
12. Device Cell Placement Summary for Global Clock g5
13. Device Cell Placement Summary for Global Clock g6
14. Device Cell Placement Summary for Global Clock g7
15. Device Cell Placement Summary for Global Clock g8
16. Device Cell Placement Summary for Global Clock g9
17. Device Cell Placement Summary for Global Clock g10
18. Device Cell Placement Summary for Global Clock g11
19. Device Cell Placement Summary for Global Clock g12
20. Device Cell Placement Summary for Global Clock g13
21. Device Cell Placement Summary for Global Clock g14
22. Device Cell Placement Summary for Global Clock g15
23. Device Cell Placement Summary for Global Clock g16
24. Device Cell Placement Summary for Global Clock g17
25. Device Cell Placement Summary for Global Clock g18
26. Clock Region Cell Placement per Global Clock: Region X0Y0
27. Clock Region Cell Placement per Global Clock: Region X0Y1
28. Clock Region Cell Placement per Global Clock: Region X1Y1
29. Clock Region Cell Placement per Global Clock: Region X0Y2

1. Clock Primitive Utilization
------------------------------

+----------+------+-----------+-----+--------------+--------+
| Type     | Used | Available | LOC | Clock Region | Pblock |
+----------+------+-----------+-----+--------------+--------+
| BUFGCTRL |   19 |        32 |   0 |            0 |      0 |
| BUFH     |    0 |        96 |   0 |            0 |      0 |
| BUFIO    |    0 |        24 |   0 |            0 |      0 |
| BUFMR    |    0 |        12 |   0 |            0 |      0 |
| BUFR     |    0 |        24 |   0 |            0 |      0 |
| MMCM     |    0 |         6 |   0 |            0 |      0 |
| PLL      |    4 |         6 |   0 |            0 |      0 |
+----------+------+-----------+-----+--------------+--------+


2. Global Clock Resources
-------------------------

+-----------+-----------+-----------------+------------+----------------+--------------+-------------------+-------------+-----------------+--------------+----------------------+--------------------------------+---------------------------+
| Global Id | Source Id | Driver Type/Pin | Constraint | Site           | Clock Region | Load Clock Region | Clock Loads | Non-Clock Loads | Clock Period | Clock                | Driver Pin                     | Net                       |
+-----------+-----------+-----------------+------------+----------------+--------------+-------------------+-------------+-----------------+--------------+----------------------+--------------------------------+---------------------------+
| g0        | src0      | BUFG/O          | None       | BUFGCTRL_X0Y16 | n/a          |                 1 |           1 |               0 |      160.000 | clk_out1_clk_wiz_0   | base_wizard/inst/clkout1_buf/O | base_wizard/inst/clk_out1 |
| g1        | src0      | BUFG/O          | None       | BUFGCTRL_X0Y17 | n/a          |                 1 |           1 |               0 |       66.250 | clk_out2_clk_wiz_0   | base_wizard/inst/clkout2_buf/O | base_wizard/inst/clk_out2 |
| g2        | src0      | BUFG/O          | None       | BUFGCTRL_X0Y18 | n/a          |                 1 |           1 |               0 |       20.000 | clk_out3_clk_wiz_0   | base_wizard/inst/clkout3_buf/O | base_wizard/inst/clk_out3 |
| g3        | src1      | BUFG/O          | None       | BUFGCTRL_X0Y0  | n/a          |                 1 |           0 |               1 |      160.000 | clk_out1_clk_wiz_0_7 | clk_group1/inst/clkout1_buf/O  | clk_group1/inst/clk_out1  |
| g4        | src1      | BUFG/O          | None       | BUFGCTRL_X0Y1  | n/a          |                 1 |           0 |               1 |       66.250 | clk_out2_clk_wiz_0_7 | clk_group1/inst/clkout2_buf/O  | clk_group1/inst/clk_out2  |
| g5        | src1      | BUFG/O          | None       | BUFGCTRL_X0Y2  | n/a          |                 1 |           0 |               1 |       20.000 | clk_out3_clk_wiz_0_7 | clk_group1/inst/clkout3_buf/O  | clk_group1/inst/clk_out3  |
| g6        | src1      | BUFG/O          | None       | BUFGCTRL_X0Y3  | n/a          |                 1 |           0 |               1 |        6.250 | clk_out4_clk_wiz_0_7 | clk_group1/inst/clkout4_buf/O  | clk_group1/inst/clk_out4  |
| g7        | src1      | BUFG/O          | None       | BUFGCTRL_X0Y4  | n/a          |                 1 |           0 |               1 |        3.750 | clk_out5_clk_wiz_0_7 | clk_group1/inst/clkout5_buf/O  | clk_group1/inst/clk_out5  |
| g8        | src1      | BUFG/O          | None       | BUFGCTRL_X0Y5  | n/a          |                 1 |           0 |               1 |        2.500 | clk_out6_clk_wiz_0_7 | clk_group1/inst/clkout6_buf/O  | clk_group1/inst/clk_out6  |
| g9        | src2      | BUFG/O          | None       | BUFGCTRL_X0Y6  | n/a          |                 1 |           0 |               1 |      160.000 | clk_out1_clk_wiz_0_8 | clk_group2/inst/clkout1_buf/O  | clk_group2/inst/clk_out1  |
| g10       | src2      | BUFG/O          | None       | BUFGCTRL_X0Y7  | n/a          |                 1 |           0 |               1 |       66.250 | clk_out2_clk_wiz_0_8 | clk_group2/inst/clkout2_buf/O  | clk_group2/inst/clk_out2  |
| g11       | src2      | BUFG/O          | None       | BUFGCTRL_X0Y8  | n/a          |                 1 |           0 |               1 |       20.000 | clk_out3_clk_wiz_0_8 | clk_group2/inst/clkout3_buf/O  | clk_group2/inst/clk_out3  |
| g12       | src2      | BUFG/O          | None       | BUFGCTRL_X0Y9  | n/a          |                 1 |           0 |               1 |        6.250 | clk_out4_clk_wiz_0_8 | clk_group2/inst/clkout4_buf/O  | clk_group2/inst/clk_out4  |
| g13       | src2      | BUFG/O          | None       | BUFGCTRL_X0Y10 | n/a          |                 1 |           0 |               1 |        3.750 | clk_out5_clk_wiz_0_8 | clk_group2/inst/clkout5_buf/O  | clk_group2/inst/clk_out5  |
| g14       | src2      | BUFG/O          | None       | BUFGCTRL_X0Y11 | n/a          |                 1 |           0 |               1 |        2.500 | clk_out6_clk_wiz_0_8 | clk_group2/inst/clkout6_buf/O  | clk_group2/inst/clk_out6  |
| g15       | src3      | BUFG/O          | None       | BUFGCTRL_X0Y12 | n/a          |                 1 |           0 |               1 |      160.000 | clk_out1_clk_wiz_0_9 | clk_group3/inst/clkout1_buf/O  | clk_group3/inst/clk_out1  |
| g16       | src3      | BUFG/O          | None       | BUFGCTRL_X0Y13 | n/a          |                 1 |           0 |               1 |       66.250 | clk_out2_clk_wiz_0_9 | clk_group3/inst/clkout2_buf/O  | clk_group3/inst/clk_out2  |
| g17       | src3      | BUFG/O          | None       | BUFGCTRL_X0Y14 | n/a          |                 1 |           0 |               1 |       20.000 | clk_out3_clk_wiz_0_9 | clk_group3/inst/clkout3_buf/O  | clk_group3/inst/clk_out3  |
| g18       | src3      | BUFG/O          | None       | BUFGCTRL_X0Y15 | n/a          |                 1 |           0 |               1 |        6.250 | clk_out4_clk_wiz_0_9 | clk_group3/inst/clkout4_buf/O  | clk_group3/inst/clk_out4  |
+-----------+-----------+-----------------+------------+----------------+--------------+-------------------+-------------+-----------------+--------------+----------------------+--------------------------------+---------------------------+
* Clock Loads column represents the clock pin loads (pin count)
** Non-Clock Loads column represents the non-clock pin loads (pin count)


3. Global Clock Source Details
------------------------------

+-----------+-----------+-------------------+------------+----------------+--------------+-------------+-----------------+---------------------+----------------------+-----------------------------------------+-------------------------------------+
| Source Id | Global Id | Driver Type/Pin   | Constraint | Site           | Clock Region | Clock Loads | Non-Clock Loads | Source Clock Period | Source Clock         | Driver Pin                              | Net                                 |
+-----------+-----------+-------------------+------------+----------------+--------------+-------------+-----------------+---------------------+----------------------+-----------------------------------------+-------------------------------------+
| src0      | g0        | PLLE2_ADV/CLKOUT0 | None       | PLLE2_ADV_X1Y2 | X1Y2         |           1 |               0 |             160.000 | clk_out1_clk_wiz_0   | base_wizard/inst/plle2_adv_inst/CLKOUT0 | base_wizard/inst/clk_out1_clk_wiz_0 |
| src0      | g1        | PLLE2_ADV/CLKOUT1 | None       | PLLE2_ADV_X1Y2 | X1Y2         |           1 |               0 |              66.250 | clk_out2_clk_wiz_0   | base_wizard/inst/plle2_adv_inst/CLKOUT1 | base_wizard/inst/clk_out2_clk_wiz_0 |
| src0      | g2        | PLLE2_ADV/CLKOUT2 | None       | PLLE2_ADV_X1Y2 | X1Y2         |           1 |               0 |              20.000 | clk_out3_clk_wiz_0   | base_wizard/inst/plle2_adv_inst/CLKOUT2 | base_wizard/inst/clk_out3_clk_wiz_0 |
| src1      | g3        | PLLE2_ADV/CLKOUT0 | None       | PLLE2_ADV_X1Y1 | X1Y1         |           1 |               0 |             160.000 | clk_out1_clk_wiz_0_7 | clk_group1/inst/plle2_adv_inst/CLKOUT0  | clk_group1/inst/clk_out1_clk_wiz_0  |
| src1      | g4        | PLLE2_ADV/CLKOUT1 | None       | PLLE2_ADV_X1Y1 | X1Y1         |           1 |               0 |              66.250 | clk_out2_clk_wiz_0_7 | clk_group1/inst/plle2_adv_inst/CLKOUT1  | clk_group1/inst/clk_out2_clk_wiz_0  |
| src1      | g5        | PLLE2_ADV/CLKOUT2 | None       | PLLE2_ADV_X1Y1 | X1Y1         |           1 |               0 |              20.000 | clk_out3_clk_wiz_0_7 | clk_group1/inst/plle2_adv_inst/CLKOUT2  | clk_group1/inst/clk_out3_clk_wiz_0  |
| src1      | g6        | PLLE2_ADV/CLKOUT3 | None       | PLLE2_ADV_X1Y1 | X1Y1         |           1 |               0 |               6.250 | clk_out4_clk_wiz_0_7 | clk_group1/inst/plle2_adv_inst/CLKOUT3  | clk_group1/inst/clk_out4_clk_wiz_0  |
| src1      | g7        | PLLE2_ADV/CLKOUT4 | None       | PLLE2_ADV_X1Y1 | X1Y1         |           1 |               0 |               3.750 | clk_out5_clk_wiz_0_7 | clk_group1/inst/plle2_adv_inst/CLKOUT4  | clk_group1/inst/clk_out5_clk_wiz_0  |
| src1      | g8        | PLLE2_ADV/CLKOUT5 | None       | PLLE2_ADV_X1Y1 | X1Y1         |           1 |               0 |               2.500 | clk_out6_clk_wiz_0_7 | clk_group1/inst/plle2_adv_inst/CLKOUT5  | clk_group1/inst/clk_out6_clk_wiz_0  |
| src2      | g9        | PLLE2_ADV/CLKOUT0 | None       | PLLE2_ADV_X0Y1 | X0Y1         |           1 |               0 |             160.000 | clk_out1_clk_wiz_0_8 | clk_group2/inst/plle2_adv_inst/CLKOUT0  | clk_group2/inst/clk_out1_clk_wiz_0  |
| src2      | g10       | PLLE2_ADV/CLKOUT1 | None       | PLLE2_ADV_X0Y1 | X0Y1         |           1 |               0 |              66.250 | clk_out2_clk_wiz_0_8 | clk_group2/inst/plle2_adv_inst/CLKOUT1  | clk_group2/inst/clk_out2_clk_wiz_0  |
| src2      | g11       | PLLE2_ADV/CLKOUT2 | None       | PLLE2_ADV_X0Y1 | X0Y1         |           1 |               0 |              20.000 | clk_out3_clk_wiz_0_8 | clk_group2/inst/plle2_adv_inst/CLKOUT2  | clk_group2/inst/clk_out3_clk_wiz_0  |
| src2      | g12       | PLLE2_ADV/CLKOUT3 | None       | PLLE2_ADV_X0Y1 | X0Y1         |           1 |               0 |               6.250 | clk_out4_clk_wiz_0_8 | clk_group2/inst/plle2_adv_inst/CLKOUT3  | clk_group2/inst/clk_out4_clk_wiz_0  |
| src2      | g13       | PLLE2_ADV/CLKOUT4 | None       | PLLE2_ADV_X0Y1 | X0Y1         |           1 |               0 |               3.750 | clk_out5_clk_wiz_0_8 | clk_group2/inst/plle2_adv_inst/CLKOUT4  | clk_group2/inst/clk_out5_clk_wiz_0  |
| src2      | g14       | PLLE2_ADV/CLKOUT5 | None       | PLLE2_ADV_X0Y1 | X0Y1         |           1 |               0 |               2.500 | clk_out6_clk_wiz_0_8 | clk_group2/inst/plle2_adv_inst/CLKOUT5  | clk_group2/inst/clk_out6_clk_wiz_0  |
| src3      | g15       | PLLE2_ADV/CLKOUT0 | None       | PLLE2_ADV_X0Y0 | X0Y0         |           1 |               0 |             160.000 | clk_out1_clk_wiz_0_9 | clk_group3/inst/plle2_adv_inst/CLKOUT0  | clk_group3/inst/clk_out1_clk_wiz_0  |
| src3      | g16       | PLLE2_ADV/CLKOUT1 | None       | PLLE2_ADV_X0Y0 | X0Y0         |           1 |               0 |              66.250 | clk_out2_clk_wiz_0_9 | clk_group3/inst/plle2_adv_inst/CLKOUT1  | clk_group3/inst/clk_out2_clk_wiz_0  |
| src3      | g17       | PLLE2_ADV/CLKOUT2 | None       | PLLE2_ADV_X0Y0 | X0Y0         |           1 |               0 |              20.000 | clk_out3_clk_wiz_0_9 | clk_group3/inst/plle2_adv_inst/CLKOUT2  | clk_group3/inst/clk_out3_clk_wiz_0  |
| src3      | g18       | PLLE2_ADV/CLKOUT3 | None       | PLLE2_ADV_X0Y0 | X0Y0         |           1 |               0 |               6.250 | clk_out4_clk_wiz_0_9 | clk_group3/inst/plle2_adv_inst/CLKOUT3  | clk_group3/inst/clk_out4_clk_wiz_0  |
+-----------+-----------+-------------------+------------+----------------+--------------+-------------+-----------------+---------------------+----------------------+-----------------------------------------+-------------------------------------+
* Clock Loads column represents the clock pin loads (pin count)
** Non-Clock Loads column represents the non-clock pin loads (pin count)


4. Local Clock Details
----------------------

+----------+-----------------+------------+------------------+--------------+-------------+-----------------+--------------+-------+-----------------------------------+-----------------------+
| Local Id | Driver Type/Pin | Constraint | Site/BEL         | Clock Region | Clock Loads | Non-Clock Loads | Clock Period | Clock | Driver Pin                        | Net                   |
+----------+-----------------+------------+------------------+--------------+-------------+-----------------+--------------+-------+-----------------------------------+-----------------------||
| 0        | FDRE/Q          | None       | SLICE_X3Y94/CFF  | X0Y1         |           8 |               1 |              |       | clock_spikestrip1/new_clock_reg/Q | clock_spikestrip1/CLK - Static -
| 1        | FDRE/Q          | None       | SLICE_X5Y93/A5FF | X0Y1         |           2 |               1 |              |       | clock_400hz/new_clock_reg/Q       | clock_400hz/clock     - Static -
+----------+-----------------+------------+------------------+--------------+-------------+-----------------+--------------+-------+-----------------------------------+-----------------------||
* Local Clocks in this context represents only clocks driven by non-global buffers
** Clock Loads column represents the clock pin loads (pin count)
*** Non-Clock Loads column represents the non-clock pin loads (pin count)


5. Clock Regions: Key Resource Utilization
------------------------------------------

+-------------------+--------------+--------------+--------------+--------------+--------------+--------------+--------------+--------------+--------------+--------------+--------------+--------------+--------------+--------------+--------------+
|                   | Global Clock |     BUFRs    |    BUFMRs    |    BUFIOs    |     MMCM     |      PLL     |      GT      |      PCI     |    ILOGIC    |    OLOGIC    |      FF      |     LUTM     |    RAMB18    |    RAMB36    |    DSP48E2   |
+-------------------+------+-------+------+-------+------+-------+------+-------+------+-------+------+-------+------+-------+------+-------+------+-------+------+-------+------+-------+------+-------+------+-------+------+-------+------+-------+
| Clock Region Name | Used | Avail | Used | Avail | Used | Avail | Used | Avail | Used | Avail | Used | Avail | Used | Avail | Used | Avail | Used | Avail | Used | Avail | Used | Avail | Used | Avail | Used | Avail | Used | Avail | Used | Avail |
+-------------------+------+-------+------+-------+------+-------+------+-------+------+-------+------+-------+------+-------+------+-------+------+-------+------+-------+------+-------+------+-------+------+-------+------+-------+------+-------+
| X0Y0              |    1 |    12 |    0 |     4 |    0 |     2 |    0 |     4 |    0 |     1 |    1 |     1 |    0 |     0 |    0 |     0 |    0 |    50 |    0 |    50 |    0 |  2600 |    0 |   600 |    0 |    20 |    0 |    10 |    0 |    20 |
| X1Y0              |    0 |    12 |    0 |     0 |    0 |     0 |    0 |     0 |    0 |     0 |    0 |     0 |    0 |     4 |    0 |     0 |    0 |     0 |    0 |     0 |    0 |  1500 |    0 |   550 |    0 |    40 |    0 |    20 |    0 |    40 |
| X0Y1              |    9 |    12 |    0 |     4 |    0 |     2 |    0 |     4 |    0 |     1 |    1 |     1 |    0 |     0 |    0 |     0 |    0 |    50 |    0 |    50 |   10 |  2000 |    2 |   600 |    0 |    20 |    0 |    10 |    0 |    20 |
| X1Y1              |    1 |    12 |    0 |     4 |    0 |     2 |    0 |     4 |    0 |     1 |    1 |     1 |    0 |     0 |    0 |     0 |    0 |    50 |    0 |    50 |    0 |  1900 |    0 |   650 |    0 |    60 |    0 |    30 |    0 |    40 |
| X0Y2              |    8 |    12 |    0 |     4 |    0 |     2 |    0 |     4 |    0 |     1 |    0 |     1 |    0 |     0 |    0 |     0 |    0 |    50 |    0 |    50 |    0 |  2000 |    0 |   600 |    0 |    20 |    0 |    10 |    0 |    20 |
| X1Y2              |    0 |    12 |    0 |     4 |    0 |     2 |    0 |     4 |    0 |     1 |    0 |     1 |    0 |     0 |    0 |     0 |    0 |    50 |    0 |    50 |    0 |  1900 |    0 |   650 |    0 |    60 |    0 |    30 |    0 |    40 |
| X0Y3              |    0 |    12 |    0 |     4 |    0 |     2 |    0 |     4 |    0 |     1 |    0 |     1 |    0 |     0 |    0 |     0 |    0 |    50 |    0 |    50 |    0 |  2600 |    0 |   600 |    0 |    20 |    0 |    10 |    0 |    20 |
| X1Y3              |    0 |    12 |    0 |     0 |    0 |     0 |    0 |     0 |    0 |     0 |    0 |     0 |    0 |     4 |    0 |     1 |    0 |     0 |    0 |     0 |    0 |  1350 |    0 |   500 |    0 |    30 |    0 |    15 |    0 |    40 |
+-------------------+------+-------+------+-------+------+-------+------+-------+------+-------+------+-------+------+-------+------+-------+------+-------+------+-------+------+-------+------+-------+------+-------+------+-------+------+-------+
* Global Clock column represents track count; while other columns represents cell counts


6. Clock Regions : Global Clock Summary
---------------------------------------

All Modules
+----+----+----+
|    | X0 | X1 |
+----+----+----+
| Y3 |  0 |  0 |
| Y2 |  8 |  0 |
| Y1 |  9 |  1 |
| Y0 |  1 |  0 |
+----+----+----+


7. Device Cell Placement Summary for Global Clock g0
----------------------------------------------------

+-----------+-----------------+-------------------+--------------------+-------------+----------------+-------------+----------+----------------+----------+---------------------------+
| Global Id | Driver Type/Pin | Driver Region (D) | Clock              | Period (ns) | Waveform (ns)  | Slice Loads | IO Loads | Clocking Loads | GT Loads | Net                       |
+-----------+-----------------+-------------------+--------------------+-------------+----------------+-------------+----------+----------------+----------+---------------------------+
| g0        | BUFG/O          | n/a               | clk_out1_clk_wiz_0 |     160.000 | {0.000 80.000} |           0 |        0 |              1 |        0 | base_wizard/inst/clk_out1 |
+-----------+-----------------+-------------------+--------------------+-------------+----------------+-------------+----------+----------------+----------+---------------------------+
* Slice Loads column represents load cell count of all cell types other than IO, GT and clock resources
** IO Loads column represents load cell count of IO types
*** Clocking Loads column represents load cell count that are clock resources (global clock buffer, MMCM, PLL, etc)
**** GT Loads column represents load cell count of GT types


+----+----+----+
|    | X0 | X1 |
+----+----+----+
| Y3 |  0 |  0 |
| Y2 |  0 |  0 |
| Y1 |  0 |  1 |
| Y0 |  0 |  0 |
+----+----+----+


8. Device Cell Placement Summary for Global Clock g1
----------------------------------------------------

+-----------+-----------------+-------------------+--------------------+-------------+----------------+-------------+----------+----------------+----------+---------------------------+
| Global Id | Driver Type/Pin | Driver Region (D) | Clock              | Period (ns) | Waveform (ns)  | Slice Loads | IO Loads | Clocking Loads | GT Loads | Net                       |
+-----------+-----------------+-------------------+--------------------+-------------+----------------+-------------+----------+----------------+----------+---------------------------+
| g1        | BUFG/O          | n/a               | clk_out2_clk_wiz_0 |      66.250 | {0.000 33.125} |           0 |        0 |              1 |        0 | base_wizard/inst/clk_out2 |
+-----------+-----------------+-------------------+--------------------+-------------+----------------+-------------+----------+----------------+----------+---------------------------+
* Slice Loads column represents load cell count of all cell types other than IO, GT and clock resources
** IO Loads column represents load cell count of IO types
*** Clocking Loads column represents load cell count that are clock resources (global clock buffer, MMCM, PLL, etc)
**** GT Loads column represents load cell count of GT types


+----+----+----+
|    | X0 | X1 |
+----+----+----+
| Y3 |  0 |  0 |
| Y2 |  0 |  0 |
| Y1 |  1 |  0 |
| Y0 |  0 |  0 |
+----+----+----+


9. Device Cell Placement Summary for Global Clock g2
----------------------------------------------------

+-----------+-----------------+-------------------+--------------------+-------------+----------------+-------------+----------+----------------+----------+---------------------------+
| Global Id | Driver Type/Pin | Driver Region (D) | Clock              | Period (ns) | Waveform (ns)  | Slice Loads | IO Loads | Clocking Loads | GT Loads | Net                       |
+-----------+-----------------+-------------------+--------------------+-------------+----------------+-------------+----------+----------------+----------+---------------------------+
| g2        | BUFG/O          | n/a               | clk_out3_clk_wiz_0 |      20.000 | {0.000 10.000} |           0 |        0 |              1 |        0 | base_wizard/inst/clk_out3 |
+-----------+-----------------+-------------------+--------------------+-------------+----------------+-------------+----------+----------------+----------+---------------------------+
* Slice Loads column represents load cell count of all cell types other than IO, GT and clock resources
** IO Loads column represents load cell count of IO types
*** Clocking Loads column represents load cell count that are clock resources (global clock buffer, MMCM, PLL, etc)
**** GT Loads column represents load cell count of GT types


+----+----+----+
|    | X0 | X1 |
+----+----+----+
| Y3 |  0 |  0 |
| Y2 |  0 |  0 |
| Y1 |  0 |  0 |
| Y0 |  1 |  0 |
+----+----+----+


10. Device Cell Placement Summary for Global Clock g3
-----------------------------------------------------

+-----------+-----------------+-------------------+----------------------+-------------+----------------+-------------+----------+----------------+----------+--------------------------+
| Global Id | Driver Type/Pin | Driver Region (D) | Clock                | Period (ns) | Waveform (ns)  | Slice Loads | IO Loads | Clocking Loads | GT Loads | Net                      |
+-----------+-----------------+-------------------+----------------------+-------------+----------------+-------------+----------+----------------+----------+--------------------------+
| g3        | BUFG/O          | n/a               | clk_out1_clk_wiz_0_7 |     160.000 | {0.000 80.000} |           1 |        0 |              0 |        0 | clk_group1/inst/clk_out1 |
+-----------+-----------------+-------------------+----------------------+-------------+----------------+-------------+----------+----------------+----------+--------------------------+
* Slice Loads column represents load cell count of all cell types other than IO, GT and clock resources
** IO Loads column represents load cell count of IO types
*** Clocking Loads column represents load cell count that are clock resources (global clock buffer, MMCM, PLL, etc)
**** GT Loads column represents load cell count of GT types


+----+----+----+
|    | X0 | X1 |
+----+----+----+
| Y3 |  0 |  0 |
| Y2 |  1 |  0 |
| Y1 |  0 |  0 |
| Y0 |  0 |  0 |
+----+----+----+


11. Device Cell Placement Summary for Global Clock g4
-----------------------------------------------------

+-----------+-----------------+-------------------+----------------------+-------------+----------------+-------------+----------+----------------+----------+--------------------------+
| Global Id | Driver Type/Pin | Driver Region (D) | Clock                | Period (ns) | Waveform (ns)  | Slice Loads | IO Loads | Clocking Loads | GT Loads | Net                      |
+-----------+-----------------+-------------------+----------------------+-------------+----------------+-------------+----------+----------------+----------+--------------------------+
| g4        | BUFG/O          | n/a               | clk_out2_clk_wiz_0_7 |      66.250 | {0.000 33.125} |           1 |        0 |              0 |        0 | clk_group1/inst/clk_out2 |
+-----------+-----------------+-------------------+----------------------+-------------+----------------+-------------+----------+----------------+----------+--------------------------+
* Slice Loads column represents load cell count of all cell types other than IO, GT and clock resources
** IO Loads column represents load cell count of IO types
*** Clocking Loads column represents load cell count that are clock resources (global clock buffer, MMCM, PLL, etc)
**** GT Loads column represents load cell count of GT types


+----+----+----+
|    | X0 | X1 |
+----+----+----+
| Y3 |  0 |  0 |
| Y2 |  1 |  0 |
| Y1 |  0 |  0 |
| Y0 |  0 |  0 |
+----+----+----+


12. Device Cell Placement Summary for Global Clock g5
-----------------------------------------------------

+-----------+-----------------+-------------------+----------------------+-------------+----------------+-------------+----------+----------------+----------+--------------------------+
| Global Id | Driver Type/Pin | Driver Region (D) | Clock                | Period (ns) | Waveform (ns)  | Slice Loads | IO Loads | Clocking Loads | GT Loads | Net                      |
+-----------+-----------------+-------------------+----------------------+-------------+----------------+-------------+----------+----------------+----------+--------------------------+
| g5        | BUFG/O          | n/a               | clk_out3_clk_wiz_0_7 |      20.000 | {0.000 10.000} |           1 |        0 |              0 |        0 | clk_group1/inst/clk_out3 |
+-----------+-----------------+-------------------+----------------------+-------------+----------------+-------------+----------+----------------+----------+--------------------------+
* Slice Loads column represents load cell count of all cell types other than IO, GT and clock resources
** IO Loads column represents load cell count of IO types
*** Clocking Loads column represents load cell count that are clock resources (global clock buffer, MMCM, PLL, etc)
**** GT Loads column represents load cell count of GT types


+----+----+----+
|    | X0 | X1 |
+----+----+----+
| Y3 |  0 |  0 |
| Y2 |  1 |  0 |
| Y1 |  0 |  0 |
| Y0 |  0 |  0 |
+----+----+----+


13. Device Cell Placement Summary for Global Clock g6
-----------------------------------------------------

+-----------+-----------------+-------------------+----------------------+-------------+---------------+-------------+----------+----------------+----------+--------------------------+
| Global Id | Driver Type/Pin | Driver Region (D) | Clock                | Period (ns) | Waveform (ns) | Slice Loads | IO Loads | Clocking Loads | GT Loads | Net                      |
+-----------+-----------------+-------------------+----------------------+-------------+---------------+-------------+----------+----------------+----------+--------------------------+
| g6        | BUFG/O          | n/a               | clk_out4_clk_wiz_0_7 |       6.250 | {0.000 3.125} |           1 |        0 |              0 |        0 | clk_group1/inst/clk_out4 |
+-----------+-----------------+-------------------+----------------------+-------------+---------------+-------------+----------+----------------+----------+--------------------------+
* Slice Loads column represents load cell count of all cell types other than IO, GT and clock resources
** IO Loads column represents load cell count of IO types
*** Clocking Loads column represents load cell count that are clock resources (global clock buffer, MMCM, PLL, etc)
**** GT Loads column represents load cell count of GT types


+----+----+----+
|    | X0 | X1 |
+----+----+----+
| Y3 |  0 |  0 |
| Y2 |  1 |  0 |
| Y1 |  0 |  0 |
| Y0 |  0 |  0 |
+----+----+----+


14. Device Cell Placement Summary for Global Clock g7
-----------------------------------------------------

+-----------+-----------------+-------------------+----------------------+-------------+---------------+-------------+----------+----------------+----------+--------------------------+
| Global Id | Driver Type/Pin | Driver Region (D) | Clock                | Period (ns) | Waveform (ns) | Slice Loads | IO Loads | Clocking Loads | GT Loads | Net                      |
+-----------+-----------------+-------------------+----------------------+-------------+---------------+-------------+----------+----------------+----------+--------------------------+
| g7        | BUFG/O          | n/a               | clk_out5_clk_wiz_0_7 |       3.750 | {0.000 1.875} |           1 |        0 |              0 |        0 | clk_group1/inst/clk_out5 |
+-----------+-----------------+-------------------+----------------------+-------------+---------------+-------------+----------+----------------+----------+--------------------------+
* Slice Loads column represents load cell count of all cell types other than IO, GT and clock resources
** IO Loads column represents load cell count of IO types
*** Clocking Loads column represents load cell count that are clock resources (global clock buffer, MMCM, PLL, etc)
**** GT Loads column represents load cell count of GT types


+----+----+----+
|    | X0 | X1 |
+----+----+----+
| Y3 |  0 |  0 |
| Y2 |  1 |  0 |
| Y1 |  0 |  0 |
| Y0 |  0 |  0 |
+----+----+----+


15. Device Cell Placement Summary for Global Clock g8
-----------------------------------------------------

+-----------+-----------------+-------------------+----------------------+-------------+---------------+-------------+----------+----------------+----------+--------------------------+
| Global Id | Driver Type/Pin | Driver Region (D) | Clock                | Period (ns) | Waveform (ns) | Slice Loads | IO Loads | Clocking Loads | GT Loads | Net                      |
+-----------+-----------------+-------------------+----------------------+-------------+---------------+-------------+----------+----------------+----------+--------------------------+
| g8        | BUFG/O          | n/a               | clk_out6_clk_wiz_0_7 |       2.500 | {0.000 1.250} |           1 |        0 |              0 |        0 | clk_group1/inst/clk_out6 |
+-----------+-----------------+-------------------+----------------------+-------------+---------------+-------------+----------+----------------+----------+--------------------------+
* Slice Loads column represents load cell count of all cell types other than IO, GT and clock resources
** IO Loads column represents load cell count of IO types
*** Clocking Loads column represents load cell count that are clock resources (global clock buffer, MMCM, PLL, etc)
**** GT Loads column represents load cell count of GT types


+----+----+----+
|    | X0 | X1 |
+----+----+----+
| Y3 |  0 |  0 |
| Y2 |  1 |  0 |
| Y1 |  0 |  0 |
| Y0 |  0 |  0 |
+----+----+----+


16. Device Cell Placement Summary for Global Clock g9
-----------------------------------------------------

+-----------+-----------------+-------------------+----------------------+-------------+----------------+-------------+----------+----------------+----------+--------------------------+
| Global Id | Driver Type/Pin | Driver Region (D) | Clock                | Period (ns) | Waveform (ns)  | Slice Loads | IO Loads | Clocking Loads | GT Loads | Net                      |
+-----------+-----------------+-------------------+----------------------+-------------+----------------+-------------+----------+----------------+----------+--------------------------+
| g9        | BUFG/O          | n/a               | clk_out1_clk_wiz_0_8 |     160.000 | {0.000 80.000} |           1 |        0 |              0 |        0 | clk_group2/inst/clk_out1 |
+-----------+-----------------+-------------------+----------------------+-------------+----------------+-------------+----------+----------------+----------+--------------------------+
* Slice Loads column represents load cell count of all cell types other than IO, GT and clock resources
** IO Loads column represents load cell count of IO types
*** Clocking Loads column represents load cell count that are clock resources (global clock buffer, MMCM, PLL, etc)
**** GT Loads column represents load cell count of GT types


+----+----+----+
|    | X0 | X1 |
+----+----+----+
| Y3 |  0 |  0 |
| Y2 |  1 |  0 |
| Y1 |  0 |  0 |
| Y0 |  0 |  0 |
+----+----+----+


17. Device Cell Placement Summary for Global Clock g10
------------------------------------------------------

+-----------+-----------------+-------------------+----------------------+-------------+----------------+-------------+----------+----------------+----------+--------------------------+
| Global Id | Driver Type/Pin | Driver Region (D) | Clock                | Period (ns) | Waveform (ns)  | Slice Loads | IO Loads | Clocking Loads | GT Loads | Net                      |
+-----------+-----------------+-------------------+----------------------+-------------+----------------+-------------+----------+----------------+----------+--------------------------+
| g10       | BUFG/O          | n/a               | clk_out2_clk_wiz_0_8 |      66.250 | {0.000 33.125} |           1 |        0 |              0 |        0 | clk_group2/inst/clk_out2 |
+-----------+-----------------+-------------------+----------------------+-------------+----------------+-------------+----------+----------------+----------+--------------------------+
* Slice Loads column represents load cell count of all cell types other than IO, GT and clock resources
** IO Loads column represents load cell count of IO types
*** Clocking Loads column represents load cell count that are clock resources (global clock buffer, MMCM, PLL, etc)
**** GT Loads column represents load cell count of GT types


+----+----+----+
|    | X0 | X1 |
+----+----+----+
| Y3 |  0 |  0 |
| Y2 |  1 |  0 |
| Y1 |  0 |  0 |
| Y0 |  0 |  0 |
+----+----+----+


18. Device Cell Placement Summary for Global Clock g11
------------------------------------------------------

+-----------+-----------------+-------------------+----------------------+-------------+----------------+-------------+----------+----------------+----------+--------------------------+
| Global Id | Driver Type/Pin | Driver Region (D) | Clock                | Period (ns) | Waveform (ns)  | Slice Loads | IO Loads | Clocking Loads | GT Loads | Net                      |
+-----------+-----------------+-------------------+----------------------+-------------+----------------+-------------+----------+----------------+----------+--------------------------+
| g11       | BUFG/O          | n/a               | clk_out3_clk_wiz_0_8 |      20.000 | {0.000 10.000} |           1 |        0 |              0 |        0 | clk_group2/inst/clk_out3 |
+-----------+-----------------+-------------------+----------------------+-------------+----------------+-------------+----------+----------------+----------+--------------------------+
* Slice Loads column represents load cell count of all cell types other than IO, GT and clock resources
** IO Loads column represents load cell count of IO types
*** Clocking Loads column represents load cell count that are clock resources (global clock buffer, MMCM, PLL, etc)
**** GT Loads column represents load cell count of GT types


+----+----+----+
|    | X0 | X1 |
+----+----+----+
| Y3 |  0 |  0 |
| Y2 |  0 |  0 |
| Y1 |  1 |  0 |
| Y0 |  0 |  0 |
+----+----+----+


19. Device Cell Placement Summary for Global Clock g12
------------------------------------------------------

+-----------+-----------------+-------------------+----------------------+-------------+---------------+-------------+----------+----------------+----------+--------------------------+
| Global Id | Driver Type/Pin | Driver Region (D) | Clock                | Period (ns) | Waveform (ns) | Slice Loads | IO Loads | Clocking Loads | GT Loads | Net                      |
+-----------+-----------------+-------------------+----------------------+-------------+---------------+-------------+----------+----------------+----------+--------------------------+
| g12       | BUFG/O          | n/a               | clk_out4_clk_wiz_0_8 |       6.250 | {0.000 3.125} |           1 |        0 |              0 |        0 | clk_group2/inst/clk_out4 |
+-----------+-----------------+-------------------+----------------------+-------------+---------------+-------------+----------+----------------+----------+--------------------------+
* Slice Loads column represents load cell count of all cell types other than IO, GT and clock resources
** IO Loads column represents load cell count of IO types
*** Clocking Loads column represents load cell count that are clock resources (global clock buffer, MMCM, PLL, etc)
**** GT Loads column represents load cell count of GT types


+----+----+----+
|    | X0 | X1 |
+----+----+----+
| Y3 |  0 |  0 |
| Y2 |  0 |  0 |
| Y1 |  1 |  0 |
| Y0 |  0 |  0 |
+----+----+----+


20. Device Cell Placement Summary for Global Clock g13
------------------------------------------------------

+-----------+-----------------+-------------------+----------------------+-------------+---------------+-------------+----------+----------------+----------+--------------------------+
| Global Id | Driver Type/Pin | Driver Region (D) | Clock                | Period (ns) | Waveform (ns) | Slice Loads | IO Loads | Clocking Loads | GT Loads | Net                      |
+-----------+-----------------+-------------------+----------------------+-------------+---------------+-------------+----------+----------------+----------+--------------------------+
| g13       | BUFG/O          | n/a               | clk_out5_clk_wiz_0_8 |       3.750 | {0.000 1.875} |           1 |        0 |              0 |        0 | clk_group2/inst/clk_out5 |
+-----------+-----------------+-------------------+----------------------+-------------+---------------+-------------+----------+----------------+----------+--------------------------+
* Slice Loads column represents load cell count of all cell types other than IO, GT and clock resources
** IO Loads column represents load cell count of IO types
*** Clocking Loads column represents load cell count that are clock resources (global clock buffer, MMCM, PLL, etc)
**** GT Loads column represents load cell count of GT types


+----+----+----+
|    | X0 | X1 |
+----+----+----+
| Y3 |  0 |  0 |
| Y2 |  0 |  0 |
| Y1 |  1 |  0 |
| Y0 |  0 |  0 |
+----+----+----+


21. Device Cell Placement Summary for Global Clock g14
------------------------------------------------------

+-----------+-----------------+-------------------+----------------------+-------------+---------------+-------------+----------+----------------+----------+--------------------------+
| Global Id | Driver Type/Pin | Driver Region (D) | Clock                | Period (ns) | Waveform (ns) | Slice Loads | IO Loads | Clocking Loads | GT Loads | Net                      |
+-----------+-----------------+-------------------+----------------------+-------------+---------------+-------------+----------+----------------+----------+--------------------------+
| g14       | BUFG/O          | n/a               | clk_out6_clk_wiz_0_8 |       2.500 | {0.000 1.250} |           1 |        0 |              0 |        0 | clk_group2/inst/clk_out6 |
+-----------+-----------------+-------------------+----------------------+-------------+---------------+-------------+----------+----------------+----------+--------------------------+
* Slice Loads column represents load cell count of all cell types other than IO, GT and clock resources
** IO Loads column represents load cell count of IO types
*** Clocking Loads column represents load cell count that are clock resources (global clock buffer, MMCM, PLL, etc)
**** GT Loads column represents load cell count of GT types


+----+----+----+
|    | X0 | X1 |
+----+----+----+
| Y3 |  0 |  0 |
| Y2 |  0 |  0 |
| Y1 |  1 |  0 |
| Y0 |  0 |  0 |
+----+----+----+


22. Device Cell Placement Summary for Global Clock g15
------------------------------------------------------

+-----------+-----------------+-------------------+----------------------+-------------+----------------+-------------+----------+----------------+----------+--------------------------+
| Global Id | Driver Type/Pin | Driver Region (D) | Clock                | Period (ns) | Waveform (ns)  | Slice Loads | IO Loads | Clocking Loads | GT Loads | Net                      |
+-----------+-----------------+-------------------+----------------------+-------------+----------------+-------------+----------+----------------+----------+--------------------------+
| g15       | BUFG/O          | n/a               | clk_out1_clk_wiz_0_9 |     160.000 | {0.000 80.000} |           1 |        0 |              0 |        0 | clk_group3/inst/clk_out1 |
+-----------+-----------------+-------------------+----------------------+-------------+----------------+-------------+----------+----------------+----------+--------------------------+
* Slice Loads column represents load cell count of all cell types other than IO, GT and clock resources
** IO Loads column represents load cell count of IO types
*** Clocking Loads column represents load cell count that are clock resources (global clock buffer, MMCM, PLL, etc)
**** GT Loads column represents load cell count of GT types


+----+----+----+
|    | X0 | X1 |
+----+----+----+
| Y3 |  0 |  0 |
| Y2 |  0 |  0 |
| Y1 |  1 |  0 |
| Y0 |  0 |  0 |
+----+----+----+


23. Device Cell Placement Summary for Global Clock g16
------------------------------------------------------

+-----------+-----------------+-------------------+----------------------+-------------+----------------+-------------+----------+----------------+----------+--------------------------+
| Global Id | Driver Type/Pin | Driver Region (D) | Clock                | Period (ns) | Waveform (ns)  | Slice Loads | IO Loads | Clocking Loads | GT Loads | Net                      |
+-----------+-----------------+-------------------+----------------------+-------------+----------------+-------------+----------+----------------+----------+--------------------------+
| g16       | BUFG/O          | n/a               | clk_out2_clk_wiz_0_9 |      66.250 | {0.000 33.125} |           1 |        0 |              0 |        0 | clk_group3/inst/clk_out2 |
+-----------+-----------------+-------------------+----------------------+-------------+----------------+-------------+----------+----------------+----------+--------------------------+
* Slice Loads column represents load cell count of all cell types other than IO, GT and clock resources
** IO Loads column represents load cell count of IO types
*** Clocking Loads column represents load cell count that are clock resources (global clock buffer, MMCM, PLL, etc)
**** GT Loads column represents load cell count of GT types


+----+----+----+
|    | X0 | X1 |
+----+----+----+
| Y3 |  0 |  0 |
| Y2 |  0 |  0 |
| Y1 |  1 |  0 |
| Y0 |  0 |  0 |
+----+----+----+


24. Device Cell Placement Summary for Global Clock g17
------------------------------------------------------

+-----------+-----------------+-------------------+----------------------+-------------+----------------+-------------+----------+----------------+----------+--------------------------+
| Global Id | Driver Type/Pin | Driver Region (D) | Clock                | Period (ns) | Waveform (ns)  | Slice Loads | IO Loads | Clocking Loads | GT Loads | Net                      |
+-----------+-----------------+-------------------+----------------------+-------------+----------------+-------------+----------+----------------+----------+--------------------------+
| g17       | BUFG/O          | n/a               | clk_out3_clk_wiz_0_9 |      20.000 | {0.000 10.000} |           1 |        0 |              0 |        0 | clk_group3/inst/clk_out3 |
+-----------+-----------------+-------------------+----------------------+-------------+----------------+-------------+----------+----------------+----------+--------------------------+
* Slice Loads column represents load cell count of all cell types other than IO, GT and clock resources
** IO Loads column represents load cell count of IO types
*** Clocking Loads column represents load cell count that are clock resources (global clock buffer, MMCM, PLL, etc)
**** GT Loads column represents load cell count of GT types


+----+----+----+
|    | X0 | X1 |
+----+----+----+
| Y3 |  0 |  0 |
| Y2 |  0 |  0 |
| Y1 |  1 |  0 |
| Y0 |  0 |  0 |
+----+----+----+


25. Device Cell Placement Summary for Global Clock g18
------------------------------------------------------

+-----------+-----------------+-------------------+----------------------+-------------+---------------+-------------+----------+----------------+----------+--------------------------+
| Global Id | Driver Type/Pin | Driver Region (D) | Clock                | Period (ns) | Waveform (ns) | Slice Loads | IO Loads | Clocking Loads | GT Loads | Net                      |
+-----------+-----------------+-------------------+----------------------+-------------+---------------+-------------+----------+----------------+----------+--------------------------+
| g18       | BUFG/O          | n/a               | clk_out4_clk_wiz_0_9 |       6.250 | {0.000 3.125} |           1 |        0 |              0 |        0 | clk_group3/inst/clk_out4 |
+-----------+-----------------+-------------------+----------------------+-------------+---------------+-------------+----------+----------------+----------+--------------------------+
* Slice Loads column represents load cell count of all cell types other than IO, GT and clock resources
** IO Loads column represents load cell count of IO types
*** Clocking Loads column represents load cell count that are clock resources (global clock buffer, MMCM, PLL, etc)
**** GT Loads column represents load cell count of GT types


+----+----+----+
|    | X0 | X1 |
+----+----+----+
| Y3 |  0 |  0 |
| Y2 |  0 |  0 |
| Y1 |  1 |  0 |
| Y0 |  0 |  0 |
+----+----+----+


26. Clock Region Cell Placement per Global Clock: Region X0Y0
-------------------------------------------------------------

+-----------+-------+-----------------+------------+-------------+-----------------+----+--------+------+-----+----+------+-----+---------+---------------------------+
| Global Id | Track | Driver Type/Pin | Constraint | Clock Loads | Non-Clock Loads | FF | LUTRAM | RAMB | DSP | GT | MMCM | PLL | Hard IP | Net                       |
+-----------+-------+-----------------+------------+-------------+-----------------+----+--------+------+-----+----+------+-----+---------+---------------------------+
| g2        | n/a   | BUFG/O          | None       |           1 |               0 |  0 |      0 |    0 |   0 |  0 |    0 |   1 |       0 | base_wizard/inst/clk_out3 |
+-----------+-------+-----------------+------------+-------------+-----------------+----+--------+------+-----+----+------+-----+---------+---------------------------+
* Clock Loads column represents the clock pin loads (pin count)
** Non-Clock Loads column represents the non-clock pin loads (pin count)
*** Columns FF, LUTRAM, RAMB through 'Hard IP' represents load cell counts


27. Clock Region Cell Placement per Global Clock: Region X0Y1
-------------------------------------------------------------

+-----------+-------+-----------------+------------+-------------+-----------------+----+--------+------+-----+----+------+-----+---------+---------------------------+
| Global Id | Track | Driver Type/Pin | Constraint | Clock Loads | Non-Clock Loads | FF | LUTRAM | RAMB | DSP | GT | MMCM | PLL | Hard IP | Net                       |
+-----------+-------+-----------------+------------+-------------+-----------------+----+--------+------+-----+----+------+-----+---------+---------------------------+
| g1        | n/a   | BUFG/O          | None       |           1 |               0 |  0 |      0 |    0 |   0 |  0 |    0 |   1 |       0 | base_wizard/inst/clk_out2 |
| g11       | n/a   | BUFG/O          | None       |           0 |               1 |  0 |      0 |    0 |   0 |  0 |    0 |   0 |       0 | clk_group2/inst/clk_out3  |
| g12       | n/a   | BUFG/O          | None       |           0 |               1 |  0 |      0 |    0 |   0 |  0 |    0 |   0 |       0 | clk_group2/inst/clk_out4  |
| g13       | n/a   | BUFG/O          | None       |           0 |               1 |  0 |      0 |    0 |   0 |  0 |    0 |   0 |       0 | clk_group2/inst/clk_out5  |
| g14       | n/a   | BUFG/O          | None       |           0 |               1 |  0 |      0 |    0 |   0 |  0 |    0 |   0 |       0 | clk_group2/inst/clk_out6  |
| g15       | n/a   | BUFG/O          | None       |           0 |               1 |  0 |      0 |    0 |   0 |  0 |    0 |   0 |       0 | clk_group3/inst/clk_out1  |
| g16       | n/a   | BUFG/O          | None       |           0 |               1 |  0 |      0 |    0 |   0 |  0 |    0 |   0 |       0 | clk_group3/inst/clk_out2  |
| g17       | n/a   | BUFG/O          | None       |           0 |               1 |  0 |      0 |    0 |   0 |  0 |    0 |   0 |       0 | clk_group3/inst/clk_out3  |
| g18       | n/a   | BUFG/O          | None       |           0 |               1 |  0 |      0 |    0 |   0 |  0 |    0 |   0 |       0 | clk_group3/inst/clk_out4  |
+-----------+-------+-----------------+------------+-------------+-----------------+----+--------+------+-----+----+------+-----+---------+---------------------------+
* Clock Loads column represents the clock pin loads (pin count)
** Non-Clock Loads column represents the non-clock pin loads (pin count)
*** Columns FF, LUTRAM, RAMB through 'Hard IP' represents load cell counts


28. Clock Region Cell Placement per Global Clock: Region X1Y1
-------------------------------------------------------------

+-----------+-------+-----------------+------------+-------------+-----------------+----+--------+------+-----+----+------+-----+---------+---------------------------+
| Global Id | Track | Driver Type/Pin | Constraint | Clock Loads | Non-Clock Loads | FF | LUTRAM | RAMB | DSP | GT | MMCM | PLL | Hard IP | Net                       |
+-----------+-------+-----------------+------------+-------------+-----------------+----+--------+------+-----+----+------+-----+---------+---------------------------+
| g0        | n/a   | BUFG/O          | None       |           1 |               0 |  0 |      0 |    0 |   0 |  0 |    0 |   1 |       0 | base_wizard/inst/clk_out1 |
+-----------+-------+-----------------+------------+-------------+-----------------+----+--------+------+-----+----+------+-----+---------+---------------------------+
* Clock Loads column represents the clock pin loads (pin count)
** Non-Clock Loads column represents the non-clock pin loads (pin count)
*** Columns FF, LUTRAM, RAMB through 'Hard IP' represents load cell counts


29. Clock Region Cell Placement per Global Clock: Region X0Y2
-------------------------------------------------------------

+-----------+-------+-----------------+------------+-------------+-----------------+----+--------+------+-----+----+------+-----+---------+--------------------------+
| Global Id | Track | Driver Type/Pin | Constraint | Clock Loads | Non-Clock Loads | FF | LUTRAM | RAMB | DSP | GT | MMCM | PLL | Hard IP | Net                      |
+-----------+-------+-----------------+------------+-------------+-----------------+----+--------+------+-----+----+------+-----+---------+--------------------------+
| g3        | n/a   | BUFG/O          | None       |           0 |               1 |  0 |      0 |    0 |   0 |  0 |    0 |   0 |       0 | clk_group1/inst/clk_out1 |
| g4        | n/a   | BUFG/O          | None       |           0 |               1 |  0 |      0 |    0 |   0 |  0 |    0 |   0 |       0 | clk_group1/inst/clk_out2 |
| g5        | n/a   | BUFG/O          | None       |           0 |               1 |  0 |      0 |    0 |   0 |  0 |    0 |   0 |       0 | clk_group1/inst/clk_out3 |
| g6        | n/a   | BUFG/O          | None       |           0 |               1 |  0 |      0 |    0 |   0 |  0 |    0 |   0 |       0 | clk_group1/inst/clk_out4 |
| g7        | n/a   | BUFG/O          | None       |           0 |               1 |  0 |      0 |    0 |   0 |  0 |    0 |   0 |       0 | clk_group1/inst/clk_out5 |
| g8        | n/a   | BUFG/O          | None       |           0 |               1 |  0 |      0 |    0 |   0 |  0 |    0 |   0 |       0 | clk_group1/inst/clk_out6 |
| g9        | n/a   | BUFG/O          | None       |           0 |               1 |  0 |      0 |    0 |   0 |  0 |    0 |   0 |       0 | clk_group2/inst/clk_out1 |
| g10       | n/a   | BUFG/O          | None       |           0 |               1 |  0 |      0 |    0 |   0 |  0 |    0 |   0 |       0 | clk_group2/inst/clk_out2 |
+-----------+-------+-----------------+------------+-------------+-----------------+----+--------+------+-----+----+------+-----+---------+--------------------------+
* Clock Loads column represents the clock pin loads (pin count)
** Non-Clock Loads column represents the non-clock pin loads (pin count)
*** Columns FF, LUTRAM, RAMB through 'Hard IP' represents load cell counts



# Location of BUFG Primitives 
set_property LOC BUFGCTRL_X0Y15 [get_cells clk_group3/inst/clkout4_buf]
set_property LOC BUFGCTRL_X0Y14 [get_cells clk_group3/inst/clkout3_buf]
set_property LOC BUFGCTRL_X0Y13 [get_cells clk_group3/inst/clkout2_buf]
set_property LOC BUFGCTRL_X0Y12 [get_cells clk_group3/inst/clkout1_buf]
set_property LOC BUFGCTRL_X0Y11 [get_cells clk_group2/inst/clkout6_buf]
set_property LOC BUFGCTRL_X0Y10 [get_cells clk_group2/inst/clkout5_buf]
set_property LOC BUFGCTRL_X0Y9 [get_cells clk_group2/inst/clkout4_buf]
set_property LOC BUFGCTRL_X0Y8 [get_cells clk_group2/inst/clkout3_buf]
set_property LOC BUFGCTRL_X0Y7 [get_cells clk_group2/inst/clkout2_buf]
set_property LOC BUFGCTRL_X0Y6 [get_cells clk_group2/inst/clkout1_buf]
set_property LOC BUFGCTRL_X0Y5 [get_cells clk_group1/inst/clkout6_buf]
set_property LOC BUFGCTRL_X0Y4 [get_cells clk_group1/inst/clkout5_buf]
set_property LOC BUFGCTRL_X0Y3 [get_cells clk_group1/inst/clkout4_buf]
set_property LOC BUFGCTRL_X0Y2 [get_cells clk_group1/inst/clkout3_buf]
set_property LOC BUFGCTRL_X0Y1 [get_cells clk_group1/inst/clkout2_buf]
set_property LOC BUFGCTRL_X0Y0 [get_cells clk_group1/inst/clkout1_buf]
set_property LOC BUFGCTRL_X0Y18 [get_cells base_wizard/inst/clkout3_buf]
set_property LOC BUFGCTRL_X0Y17 [get_cells base_wizard/inst/clkout2_buf]
set_property LOC BUFGCTRL_X0Y16 [get_cells base_wizard/inst/clkout1_buf]

# Location of IO Primitives which is load of clock spine

# Location of clock ports
set_property LOC IOB_X1Y126 [get_ports sys_clock]

# Clock net "clk_group3/inst/clk_out4" driven by instance "clk_group3/inst/clkout4_buf" located at site "BUFGCTRL_X0Y15"
#startgroup
create_pblock {CLKAG_clk_group3/inst/clk_out4}
add_cells_to_pblock [get_pblocks  {CLKAG_clk_group3/inst/clk_out4}] [get_cells -filter { PRIMITIVE_GROUP != I/O && IS_PRIMITIVE==1 && PRIMITIVE_LEVEL !=INTERNAL } -of_object [get_pins -filter {DIRECTION==IN} -of_objects [get_nets -hierarchical -filter {PARENT=="clk_group3/inst/clk_out4"}]]]
resize_pblock [get_pblocks {CLKAG_clk_group3/inst/clk_out4}] -add {CLOCKREGION_X0Y1:CLOCKREGION_X0Y1}
#endgroup

# Clock net "clk_group3/inst/clk_out3" driven by instance "clk_group3/inst/clkout3_buf" located at site "BUFGCTRL_X0Y14"
#startgroup
create_pblock {CLKAG_clk_group3/inst/clk_out3}
add_cells_to_pblock [get_pblocks  {CLKAG_clk_group3/inst/clk_out3}] [get_cells -filter { PRIMITIVE_GROUP != I/O && IS_PRIMITIVE==1 && PRIMITIVE_LEVEL !=INTERNAL } -of_object [get_pins -filter {DIRECTION==IN} -of_objects [get_nets -hierarchical -filter {PARENT=="clk_group3/inst/clk_out3"}]]]
resize_pblock [get_pblocks {CLKAG_clk_group3/inst/clk_out3}] -add {CLOCKREGION_X0Y1:CLOCKREGION_X0Y1}
#endgroup

# Clock net "clk_group3/inst/clk_out2" driven by instance "clk_group3/inst/clkout2_buf" located at site "BUFGCTRL_X0Y13"
#startgroup
create_pblock {CLKAG_clk_group3/inst/clk_out2}
add_cells_to_pblock [get_pblocks  {CLKAG_clk_group3/inst/clk_out2}] [get_cells -filter { PRIMITIVE_GROUP != I/O && IS_PRIMITIVE==1 && PRIMITIVE_LEVEL !=INTERNAL } -of_object [get_pins -filter {DIRECTION==IN} -of_objects [get_nets -hierarchical -filter {PARENT=="clk_group3/inst/clk_out2"}]]]
resize_pblock [get_pblocks {CLKAG_clk_group3/inst/clk_out2}] -add {CLOCKREGION_X0Y1:CLOCKREGION_X0Y1}
#endgroup

# Clock net "clk_group3/inst/clk_out1" driven by instance "clk_group3/inst/clkout1_buf" located at site "BUFGCTRL_X0Y12"
#startgroup
create_pblock {CLKAG_clk_group3/inst/clk_out1}
add_cells_to_pblock [get_pblocks  {CLKAG_clk_group3/inst/clk_out1}] [get_cells -filter { PRIMITIVE_GROUP != I/O && IS_PRIMITIVE==1 && PRIMITIVE_LEVEL !=INTERNAL } -of_object [get_pins -filter {DIRECTION==IN} -of_objects [get_nets -hierarchical -filter {PARENT=="clk_group3/inst/clk_out1"}]]]
resize_pblock [get_pblocks {CLKAG_clk_group3/inst/clk_out1}] -add {CLOCKREGION_X0Y1:CLOCKREGION_X0Y1}
#endgroup

# Clock net "clk_group2/inst/clk_out6" driven by instance "clk_group2/inst/clkout6_buf" located at site "BUFGCTRL_X0Y11"
#startgroup
create_pblock {CLKAG_clk_group2/inst/clk_out6}
add_cells_to_pblock [get_pblocks  {CLKAG_clk_group2/inst/clk_out6}] [get_cells -filter { PRIMITIVE_GROUP != I/O && IS_PRIMITIVE==1 && PRIMITIVE_LEVEL !=INTERNAL } -of_object [get_pins -filter {DIRECTION==IN} -of_objects [get_nets -hierarchical -filter {PARENT=="clk_group2/inst/clk_out6"}]]]
resize_pblock [get_pblocks {CLKAG_clk_group2/inst/clk_out6}] -add {CLOCKREGION_X0Y1:CLOCKREGION_X0Y1}
#endgroup

# Clock net "clk_group2/inst/clk_out5" driven by instance "clk_group2/inst/clkout5_buf" located at site "BUFGCTRL_X0Y10"
#startgroup
create_pblock {CLKAG_clk_group2/inst/clk_out5}
add_cells_to_pblock [get_pblocks  {CLKAG_clk_group2/inst/clk_out5}] [get_cells -filter { PRIMITIVE_GROUP != I/O && IS_PRIMITIVE==1 && PRIMITIVE_LEVEL !=INTERNAL } -of_object [get_pins -filter {DIRECTION==IN} -of_objects [get_nets -hierarchical -filter {PARENT=="clk_group2/inst/clk_out5"}]]]
resize_pblock [get_pblocks {CLKAG_clk_group2/inst/clk_out5}] -add {CLOCKREGION_X0Y1:CLOCKREGION_X0Y1}
#endgroup

# Clock net "clk_group2/inst/clk_out4" driven by instance "clk_group2/inst/clkout4_buf" located at site "BUFGCTRL_X0Y9"
#startgroup
create_pblock {CLKAG_clk_group2/inst/clk_out4}
add_cells_to_pblock [get_pblocks  {CLKAG_clk_group2/inst/clk_out4}] [get_cells -filter { PRIMITIVE_GROUP != I/O && IS_PRIMITIVE==1 && PRIMITIVE_LEVEL !=INTERNAL } -of_object [get_pins -filter {DIRECTION==IN} -of_objects [get_nets -hierarchical -filter {PARENT=="clk_group2/inst/clk_out4"}]]]
resize_pblock [get_pblocks {CLKAG_clk_group2/inst/clk_out4}] -add {CLOCKREGION_X0Y1:CLOCKREGION_X0Y1}
#endgroup

# Clock net "clk_group2/inst/clk_out3" driven by instance "clk_group2/inst/clkout3_buf" located at site "BUFGCTRL_X0Y8"
#startgroup
create_pblock {CLKAG_clk_group2/inst/clk_out3}
add_cells_to_pblock [get_pblocks  {CLKAG_clk_group2/inst/clk_out3}] [get_cells -filter { PRIMITIVE_GROUP != I/O && IS_PRIMITIVE==1 && PRIMITIVE_LEVEL !=INTERNAL } -of_object [get_pins -filter {DIRECTION==IN} -of_objects [get_nets -hierarchical -filter {PARENT=="clk_group2/inst/clk_out3"}]]]
resize_pblock [get_pblocks {CLKAG_clk_group2/inst/clk_out3}] -add {CLOCKREGION_X0Y1:CLOCKREGION_X0Y1}
#endgroup

# Clock net "clk_group2/inst/clk_out2" driven by instance "clk_group2/inst/clkout2_buf" located at site "BUFGCTRL_X0Y7"
#startgroup
create_pblock {CLKAG_clk_group2/inst/clk_out2}
add_cells_to_pblock [get_pblocks  {CLKAG_clk_group2/inst/clk_out2}] [get_cells -filter { PRIMITIVE_GROUP != I/O && IS_PRIMITIVE==1 && PRIMITIVE_LEVEL !=INTERNAL } -of_object [get_pins -filter {DIRECTION==IN} -of_objects [get_nets -hierarchical -filter {PARENT=="clk_group2/inst/clk_out2"}]]]
resize_pblock [get_pblocks {CLKAG_clk_group2/inst/clk_out2}] -add {CLOCKREGION_X0Y2:CLOCKREGION_X0Y2}
#endgroup

# Clock net "clk_group2/inst/clk_out1" driven by instance "clk_group2/inst/clkout1_buf" located at site "BUFGCTRL_X0Y6"
#startgroup
create_pblock {CLKAG_clk_group2/inst/clk_out1}
add_cells_to_pblock [get_pblocks  {CLKAG_clk_group2/inst/clk_out1}] [get_cells -filter { PRIMITIVE_GROUP != I/O && IS_PRIMITIVE==1 && PRIMITIVE_LEVEL !=INTERNAL } -of_object [get_pins -filter {DIRECTION==IN} -of_objects [get_nets -hierarchical -filter {PARENT=="clk_group2/inst/clk_out1"}]]]
resize_pblock [get_pblocks {CLKAG_clk_group2/inst/clk_out1}] -add {CLOCKREGION_X0Y2:CLOCKREGION_X0Y2}
#endgroup

# Clock net "clk_group1/inst/clk_out6" driven by instance "clk_group1/inst/clkout6_buf" located at site "BUFGCTRL_X0Y5"
#startgroup
create_pblock {CLKAG_clk_group1/inst/clk_out6}
add_cells_to_pblock [get_pblocks  {CLKAG_clk_group1/inst/clk_out6}] [get_cells -filter { PRIMITIVE_GROUP != I/O && IS_PRIMITIVE==1 && PRIMITIVE_LEVEL !=INTERNAL } -of_object [get_pins -filter {DIRECTION==IN} -of_objects [get_nets -hierarchical -filter {PARENT=="clk_group1/inst/clk_out6"}]]]
resize_pblock [get_pblocks {CLKAG_clk_group1/inst/clk_out6}] -add {CLOCKREGION_X0Y2:CLOCKREGION_X0Y2}
#endgroup

# Clock net "clk_group1/inst/clk_out5" driven by instance "clk_group1/inst/clkout5_buf" located at site "BUFGCTRL_X0Y4"
#startgroup
create_pblock {CLKAG_clk_group1/inst/clk_out5}
add_cells_to_pblock [get_pblocks  {CLKAG_clk_group1/inst/clk_out5}] [get_cells -filter { PRIMITIVE_GROUP != I/O && IS_PRIMITIVE==1 && PRIMITIVE_LEVEL !=INTERNAL } -of_object [get_pins -filter {DIRECTION==IN} -of_objects [get_nets -hierarchical -filter {PARENT=="clk_group1/inst/clk_out5"}]]]
resize_pblock [get_pblocks {CLKAG_clk_group1/inst/clk_out5}] -add {CLOCKREGION_X0Y2:CLOCKREGION_X0Y2}
#endgroup

# Clock net "clk_group1/inst/clk_out4" driven by instance "clk_group1/inst/clkout4_buf" located at site "BUFGCTRL_X0Y3"
#startgroup
create_pblock {CLKAG_clk_group1/inst/clk_out4}
add_cells_to_pblock [get_pblocks  {CLKAG_clk_group1/inst/clk_out4}] [get_cells -filter { PRIMITIVE_GROUP != I/O && IS_PRIMITIVE==1 && PRIMITIVE_LEVEL !=INTERNAL } -of_object [get_pins -filter {DIRECTION==IN} -of_objects [get_nets -hierarchical -filter {PARENT=="clk_group1/inst/clk_out4"}]]]
resize_pblock [get_pblocks {CLKAG_clk_group1/inst/clk_out4}] -add {CLOCKREGION_X0Y2:CLOCKREGION_X0Y2}
#endgroup

# Clock net "clk_group1/inst/clk_out3" driven by instance "clk_group1/inst/clkout3_buf" located at site "BUFGCTRL_X0Y2"
#startgroup
create_pblock {CLKAG_clk_group1/inst/clk_out3}
add_cells_to_pblock [get_pblocks  {CLKAG_clk_group1/inst/clk_out3}] [get_cells -filter { PRIMITIVE_GROUP != I/O && IS_PRIMITIVE==1 && PRIMITIVE_LEVEL !=INTERNAL } -of_object [get_pins -filter {DIRECTION==IN} -of_objects [get_nets -hierarchical -filter {PARENT=="clk_group1/inst/clk_out3"}]]]
resize_pblock [get_pblocks {CLKAG_clk_group1/inst/clk_out3}] -add {CLOCKREGION_X0Y2:CLOCKREGION_X0Y2}
#endgroup

# Clock net "clk_group1/inst/clk_out2" driven by instance "clk_group1/inst/clkout2_buf" located at site "BUFGCTRL_X0Y1"
#startgroup
create_pblock {CLKAG_clk_group1/inst/clk_out2}
add_cells_to_pblock [get_pblocks  {CLKAG_clk_group1/inst/clk_out2}] [get_cells -filter { PRIMITIVE_GROUP != I/O && IS_PRIMITIVE==1 && PRIMITIVE_LEVEL !=INTERNAL } -of_object [get_pins -filter {DIRECTION==IN} -of_objects [get_nets -hierarchical -filter {PARENT=="clk_group1/inst/clk_out2"}]]]
resize_pblock [get_pblocks {CLKAG_clk_group1/inst/clk_out2}] -add {CLOCKREGION_X0Y2:CLOCKREGION_X0Y2}
#endgroup

# Clock net "clk_group1/inst/clk_out1" driven by instance "clk_group1/inst/clkout1_buf" located at site "BUFGCTRL_X0Y0"
#startgroup
create_pblock {CLKAG_clk_group1/inst/clk_out1}
add_cells_to_pblock [get_pblocks  {CLKAG_clk_group1/inst/clk_out1}] [get_cells -filter { PRIMITIVE_GROUP != I/O && IS_PRIMITIVE==1 && PRIMITIVE_LEVEL !=INTERNAL } -of_object [get_pins -filter {DIRECTION==IN} -of_objects [get_nets -hierarchical -filter {PARENT=="clk_group1/inst/clk_out1"}]]]
resize_pblock [get_pblocks {CLKAG_clk_group1/inst/clk_out1}] -add {CLOCKREGION_X0Y2:CLOCKREGION_X0Y2}
#endgroup
